<?xml version="1.0" encoding="UTF-8" ?>
<testsuite tests="4" failures="0" name="TestSuite" time="0.026" errors="0" skipped="0">
  <properties>
[...]
</properties>
  <testcase classname="pac1.createContactTest" name="createcontactTest" time="0.022"/>
  <testcase classname="pac1.createContactTest" name="modifycontactTest" time="0.002"/>
  <testcase classname="pac2.createcampaignTest" name="createcamapaignTest" time="0.001"/>
  <testcase classname="pac2.createcampaignTest" name="modifycampaignTest" time="0.001"/>
</testsuite>