<?xml version="1.0" encoding="UTF-8"?>
<!-- Generated by org.testng.reporters.JUnitXMLReporter -->
<testsuite ignored="0" hostname="DESKTOP-IRUI47D" failures="0" tests="4" name="Test" time="0.053" errors="0" timestamp="19 Mar 2025 10:03:55 GMT">
  <testcase classname="pac1.createContactTest" name="createcontactTest" time="0.01"/>
  <testcase classname="pac1.createContactTest" name="modifycontactTest" time="0.001"/>
  <testcase classname="pac2.createcampaignTest" name="createcamapaignTest" time="0.001"/>
  <testcase classname="pac2.createcampaignTest" name="modifycampaignTest" time="0.001"/>
</testsuite> <!-- Test -->
